<?xml version="1.0" encoding="UTF-8"?>
<testng-results skipped="0" failed="0" total="2" passed="2">
  <reporter-output>
  </reporter-output>
  <suite name="Default suite" duration-ms="20" started-at="2018-06-03T06:41:26Z" finished-at="2018-06-03T06:41:26Z">
    <groups>
    </groups>
    <test name="Default test" duration-ms="20" started-at="2018-06-03T06:41:26Z" finished-at="2018-06-03T06:41:26Z">
      <class name="PageObject.LessonFive.DataProvide">
        <test-method status="PASS" signature="TestDemo1(java.lang.String, java.lang.String)[pri:0, instance:PageObject.LessonFive.DataProvide@57baeedf]" name="TestDemo1" duration-ms="10" started-at="2018-06-03T14:41:26Z" data-provider="loginusr" finished-at="2018-06-03T14:41:26Z">
          <params>
            <param index="0">
              <value>
                <![CDATA[usr1]]>
              </value>
            </param>
            <param index="1">
              <value>
                <![CDATA[pwd1]]>
              </value>
            </param>
          </params>
          <reporter-output>
          </reporter-output>
        </test-method> <!-- TestDemo1 -->
        <test-method status="PASS" signature="TestDemo1(java.lang.String, java.lang.String)[pri:0, instance:PageObject.LessonFive.DataProvide@57baeedf]" name="TestDemo1" duration-ms="1" started-at="2018-06-03T14:41:26Z" data-provider="loginusr" finished-at="2018-06-03T14:41:26Z">
          <params>
            <param index="0">
              <value>
                <![CDATA[usr2]]>
              </value>
            </param>
            <param index="1">
              <value>
                <![CDATA[pwd2]]>
              </value>
            </param>
          </params>
          <reporter-output>
          </reporter-output>
        </test-method> <!-- TestDemo1 -->
      </class> <!-- PageObject.LessonFive.DataProvide -->
    </test> <!-- Default test -->
  </suite> <!-- Default suite -->
</testng-results>
