<?xml version="1.0" encoding="UTF-8"?>
<testng-results skipped="0" failed="0" total="1" passed="1">
  <reporter-output>
  </reporter-output>
  <suite name="Suite" duration-ms="17" started-at="2018-06-03T03:16:07Z" finished-at="2018-06-03T03:16:07Z">
    <groups>
    </groups>
    <test name="Test" duration-ms="17" started-at="2018-06-03T03:16:07Z" finished-at="2018-06-03T03:16:07Z">
      <class name="PageObject.LessonFive.HelloWorld">
        <test-method status="PASS" signature="helloworld()[pri:0, instance:PageObject.LessonFive.HelloWorld@1794d431]" name="helloworld" duration-ms="8" started-at="2018-06-03T11:16:07Z" finished-at="2018-06-03T11:16:07Z">
          <reporter-output>
          </reporter-output>
        </test-method> <!-- helloworld -->
      </class> <!-- PageObject.LessonFive.HelloWorld -->
    </test> <!-- Test -->
  </suite> <!-- Suite -->
</testng-results>
